\BOOKMARK [1][-]{section.1}{\376\377\147\361\127\120\150\007\174\373\124\214\164\003\127\120\150\007\174\373}{}% 1
\BOOKMARK [2][-]{subsection.1.1}{\376\377\147\361\127\120\150\007\174\373}{section.1}% 2
\BOOKMARK [2][-]{subsection.1.2}{\376\377\164\003\127\120\150\007\174\373}{section.1}% 3
\BOOKMARK [1][-]{section.2}{\376\377\167\342\221\317\122\006\147\220\143\320\211\201}{}% 4
\BOOKMARK [2][-]{subsection.2.1}{\376\377\124\310\133\306\230\177\173\227\133\120\142\026\171\360\200\020\146\156\142\311\173\227\133\120}{section.2}% 5
\BOOKMARK [2][-]{subsection.2.2}{\376\377\127\072}{section.2}% 6
\BOOKMARK [2][-]{subsection.2.3}{\376\377\150\007\221\317\127\072\150\257\136\246}{section.2}% 7
\BOOKMARK [3][-]{subsubsection.2.3.1}{\376\377\133\232\116\111}{subsection.2.3}% 8
\BOOKMARK [3][-]{subsubsection.2.3.2}{\376\377\127\120\150\007\210\150\171\072\137\017}{subsection.2.3}% 9
\BOOKMARK [2][-]{subsection.2.4}{\376\377\167\342\221\317\127\072\220\032\221\317\124\214\145\143\136\246}{section.2}% 10
\BOOKMARK [3][-]{subsubsection.2.4.1}{\376\377\133\232\116\111}{subsection.2.4}% 11
\BOOKMARK [3][-]{subsubsection.2.4.2}{\376\377\145\143\136\246\166\204\127\120\150\007\210\150\171\072\137\017}{subsection.2.4}% 12
\BOOKMARK [2][-]{subsection.2.5}{\376\377\167\342\221\317\127\072\166\204\163\257\221\317\124\214\145\313\136\246}{section.2}% 13
\BOOKMARK [3][-]{subsubsection.2.5.1}{\376\377\133\232\116\111}{subsection.2.5}% 14
\BOOKMARK [3][-]{subsubsection.2.5.2}{\376\377\145\313\136\246\166\204\127\120\150\007\210\150\171\072\137\017}{subsection.2.5}% 15
\BOOKMARK [2][-]{subsection.2.6}{\376\377\167\342\221\317\166\204\133\232\164\006}{section.2}% 16
\BOOKMARK [2][-]{subsection.2.7}{\376\377\116\000\116\233\133\232\164\006}{section.2}% 17
\BOOKMARK [1][-]{section.3}{\376\377\227\131\165\065\127\072}{}% 18
\BOOKMARK [2][-]{subsection.3.1}{\376\377\136\223\116\321\133\232\137\213}{section.3}% 19
\BOOKMARK [2][-]{subsection.3.2}{\376\377\165\065\127\072\137\072\136\246}{section.3}% 20
\BOOKMARK [3][-]{subsubsection.3.2.1}{\376\377\165\065\127\072\137\072\136\246}{subsection.3.2}% 21
\BOOKMARK [3][-]{subsubsection.3.2.2}{\376\377\127\072\137\072\123\340\122\240\123\237\164\006}{subsection.3.2}% 22
\BOOKMARK [3][-]{subsubsection.3.2.3}{\376\377\127\072\137\072\166\204\213\241\173\227}{subsection.3.2}% 23
